  [2m2024-03-16T15:57:55.464498Z[0m [32m INFO[0m [1;32mclipcat_client[0m[32m: [32mConnect to server via endpoint `/run/user/1000/clipcat/grpc.sock`[0m
    [2;3mat[0m crates/client/src/lib.rs:32 [2;3mon[0m main ThreadId(1)

  [2m2024-03-16T15:58:03.815069Z[0m [32m INFO[0m [1;32mclipcat_menu::cli[0m[32m: [32mNothing is selected[0m
    [2;3mat[0m clipcat-menu/src/cli/mod.rs:228 [2;3mon[0m main ThreadId(1)

  [2m2024-03-16T15:59:25.882350Z[0m [32m INFO[0m [1;32mclipcat_client[0m[32m: [32mConnect to server via endpoint `/run/user/1000/clipcat/grpc.sock`[0m
    [2;3mat[0m crates/client/src/lib.rs:32 [2;3mon[0m main ThreadId(1)

  [2m2024-03-16T15:59:48.945436Z[0m [32m INFO[0m [1;32mclipcat_menu::cli[0m[32m: [32mNothing is selected[0m
    [2;3mat[0m clipcat-menu/src/cli/mod.rs:228 [2;3mon[0m main ThreadId(1)

  [2m2024-03-16T16:00:13.923435Z[0m [32m INFO[0m [1;32mclipcat_client[0m[32m: [32mConnect to server via endpoint `/run/user/1000/clipcat/grpc.sock`[0m
    [2;3mat[0m crates/client/src/lib.rs:32 [2;3mon[0m main ThreadId(1)

  [2m2024-03-16T16:00:18.426290Z[0m [32m INFO[0m [1;32mclipcat_menu::cli[0m[32m: [32mNothing is selected[0m
    [2;3mat[0m clipcat-menu/src/cli/mod.rs:228 [2;3mon[0m main ThreadId(1)

  [2m2024-03-16T16:01:13.845416Z[0m [32m INFO[0m [1;32mclipcat_client[0m[32m: [32mConnect to server via endpoint `/run/user/1000/clipcat/grpc.sock`[0m
    [2;3mat[0m crates/client/src/lib.rs:32 [2;3mon[0m main ThreadId(1)

  [2m2024-03-16T16:01:15.995668Z[0m [32m INFO[0m [1;32mclipcat_menu::cli[0m[32m: [32mNothing is selected[0m
    [2;3mat[0m clipcat-menu/src/cli/mod.rs:228 [2;3mon[0m main ThreadId(1)

  [2m2024-03-16T16:01:44.630044Z[0m [32m INFO[0m [1;32mclipcat_client[0m[32m: [32mConnect to server via endpoint `/run/user/1000/clipcat/grpc.sock`[0m
    [2;3mat[0m crates/client/src/lib.rs:32 [2;3mon[0m main ThreadId(1)

  [2m2024-03-16T16:01:45.516281Z[0m [32m INFO[0m [1;32mclipcat_menu::cli[0m[32m: [32mNothing is selected[0m
    [2;3mat[0m clipcat-menu/src/cli/mod.rs:228 [2;3mon[0m main ThreadId(1)

  [2m2024-03-16T16:01:53.094176Z[0m [32m INFO[0m [1;32mclipcat_client[0m[32m: [32mConnect to server via endpoint `/run/user/1000/clipcat/grpc.sock`[0m
    [2;3mat[0m crates/client/src/lib.rs:32 [2;3mon[0m main ThreadId(1)

  [2m2024-03-16T16:01:57.196161Z[0m [32m INFO[0m [1;32mclipcat_menu::cli[0m[32m: [32mNothing is selected[0m
    [2;3mat[0m clipcat-menu/src/cli/mod.rs:228 [2;3mon[0m main ThreadId(1)

  [2m2024-03-16T16:02:09.343011Z[0m [32m INFO[0m [1;32mclipcat_client[0m[32m: [32mConnect to server via endpoint `/run/user/1000/clipcat/grpc.sock`[0m
    [2;3mat[0m crates/client/src/lib.rs:32 [2;3mon[0m main ThreadId(1)

  [2m2024-03-16T16:02:29.845014Z[0m [32m INFO[0m [1;32mclipcat_menu::cli[0m[32m: [32mNothing is selected[0m
    [2;3mat[0m clipcat-menu/src/cli/mod.rs:228 [2;3mon[0m main ThreadId(1)

  [2m2024-03-16T16:06:24.383275Z[0m [32m INFO[0m [1;32mclipcat_client[0m[32m: [32mConnect to server via endpoint `/run/user/1000/clipcat/grpc.sock`[0m
    [2;3mat[0m crates/client/src/lib.rs:32 [2;3mon[0m main ThreadId(1)

  [2m2024-03-16T16:06:25.530656Z[0m [32m INFO[0m [1;32mclipcat_menu::cli[0m[32m: [32mNothing is selected[0m
    [2;3mat[0m clipcat-menu/src/cli/mod.rs:228 [2;3mon[0m main ThreadId(1)

  [2m2024-03-16T16:06:26.255437Z[0m [32m INFO[0m [1;32mclipcat_client[0m[32m: [32mConnect to server via endpoint `/run/user/1000/clipcat/grpc.sock`[0m
    [2;3mat[0m crates/client/src/lib.rs:32 [2;3mon[0m main ThreadId(1)

  [2m2024-03-16T16:06:26.762836Z[0m [32m INFO[0m [1;32mclipcat_menu::cli[0m[32m: [32mNothing is selected[0m
    [2;3mat[0m clipcat-menu/src/cli/mod.rs:228 [2;3mon[0m main ThreadId(1)

  [2m2024-03-16T16:06:27.520107Z[0m [32m INFO[0m [1;32mclipcat_client[0m[32m: [32mConnect to server via endpoint `/run/user/1000/clipcat/grpc.sock`[0m
    [2;3mat[0m crates/client/src/lib.rs:32 [2;3mon[0m main ThreadId(1)

  [2m2024-03-16T16:06:27.946639Z[0m [32m INFO[0m [1;32mclipcat_menu::cli[0m[32m: [32mNothing is selected[0m
    [2;3mat[0m clipcat-menu/src/cli/mod.rs:228 [2;3mon[0m main ThreadId(1)

  [2m2024-03-16T16:06:28.727412Z[0m [32m INFO[0m [1;32mclipcat_client[0m[32m: [32mConnect to server via endpoint `/run/user/1000/clipcat/grpc.sock`[0m
    [2;3mat[0m crates/client/src/lib.rs:32 [2;3mon[0m main ThreadId(1)

  [2m2024-03-16T16:06:31.555670Z[0m [32m INFO[0m [1;32mclipcat_menu::cli[0m[32m: [32mNothing is selected[0m
    [2;3mat[0m clipcat-menu/src/cli/mod.rs:228 [2;3mon[0m main ThreadId(1)

  [2m2024-03-16T16:06:32.479507Z[0m [32m INFO[0m [1;32mclipcat_client[0m[32m: [32mConnect to server via endpoint `/run/user/1000/clipcat/grpc.sock`[0m
    [2;3mat[0m crates/client/src/lib.rs:32 [2;3mon[0m main ThreadId(1)

  [2m2024-03-16T16:06:32.875386Z[0m [32m INFO[0m [1;32mclipcat_menu::cli[0m[32m: [32mNothing is selected[0m
    [2;3mat[0m clipcat-menu/src/cli/mod.rs:228 [2;3mon[0m main ThreadId(1)

  [2m2024-03-16T16:06:56.423777Z[0m [32m INFO[0m [1;32mclipcat_client[0m[32m: [32mConnect to server via endpoint `/run/user/1000/clipcat/grpc.sock`[0m
    [2;3mat[0m crates/client/src/lib.rs:32 [2;3mon[0m main ThreadId(1)

  [2m2024-03-16T16:07:05.924338Z[0m [32m INFO[0m [1;32mclipcat_menu::cli[0m[32m: [32mNothing is selected[0m
    [2;3mat[0m clipcat-menu/src/cli/mod.rs:228 [2;3mon[0m main ThreadId(1)

  [2m2024-03-16T16:07:17.808914Z[0m [32m INFO[0m [1;32mclipcat_client[0m[32m: [32mConnect to server via endpoint `/run/user/1000/clipcat/grpc.sock`[0m
    [2;3mat[0m crates/client/src/lib.rs:32 [2;3mon[0m main ThreadId(1)

  [2m2024-03-16T16:07:19.884704Z[0m [32m INFO[0m [1;32mclipcat_menu::cli[0m[32m: [32mNothing is selected[0m
    [2;3mat[0m clipcat-menu/src/cli/mod.rs:228 [2;3mon[0m main ThreadId(1)

  [2m2024-03-16T16:07:24.649268Z[0m [32m INFO[0m [1;32mclipcat_client[0m[32m: [32mConnect to server via endpoint `/run/user/1000/clipcat/grpc.sock`[0m
    [2;3mat[0m crates/client/src/lib.rs:32 [2;3mon[0m main ThreadId(1)

  [2m2024-03-16T16:07:25.548547Z[0m [32m INFO[0m [1;32mclipcat_menu::cli[0m[32m: [32mNothing is selected[0m
    [2;3mat[0m clipcat-menu/src/cli/mod.rs:228 [2;3mon[0m main ThreadId(1)

  [2m2024-03-16T16:07:26.177232Z[0m [32m INFO[0m [1;32mclipcat_client[0m[32m: [32mConnect to server via endpoint `/run/user/1000/clipcat/grpc.sock`[0m
    [2;3mat[0m crates/client/src/lib.rs:32 [2;3mon[0m main ThreadId(1)

  [2m2024-03-16T16:07:26.516534Z[0m [32m INFO[0m [1;32mclipcat_menu::cli[0m[32m: [32mNothing is selected[0m
    [2;3mat[0m clipcat-menu/src/cli/mod.rs:228 [2;3mon[0m main ThreadId(1)

  [2m2024-03-16T16:07:27.281356Z[0m [32m INFO[0m [1;32mclipcat_client[0m[32m: [32mConnect to server via endpoint `/run/user/1000/clipcat/grpc.sock`[0m
    [2;3mat[0m crates/client/src/lib.rs:32 [2;3mon[0m main ThreadId(1)

  [2m2024-03-16T16:07:27.996482Z[0m [32m INFO[0m [1;32mclipcat_menu::cli[0m[32m: [32mInserting clip (index: 0, id: b295997edfaa8c1a)[0m
    [2;3mat[0m clipcat-menu/src/cli/mod.rs:223 [2;3mon[0m main ThreadId(1)

  [2m2024-03-16T16:08:43.449692Z[0m [32m INFO[0m [1;32mclipcat_client[0m[32m: [32mConnect to server via endpoint `/run/user/1000/clipcat/grpc.sock`[0m
    [2;3mat[0m crates/client/src/lib.rs:32 [2;3mon[0m main ThreadId(1)

  [2m2024-03-16T16:08:47.470404Z[0m [32m INFO[0m [1;32mclipcat_menu::cli[0m[32m: [32mNothing is selected[0m
    [2;3mat[0m clipcat-menu/src/cli/mod.rs:228 [2;3mon[0m main ThreadId(1)

  [2m2024-03-16T16:08:52.649699Z[0m [32m INFO[0m [1;32mclipcat_client[0m[32m: [32mConnect to server via endpoint `/run/user/1000/clipcat/grpc.sock`[0m
    [2;3mat[0m crates/client/src/lib.rs:32 [2;3mon[0m main ThreadId(1)

  [2m2024-03-16T16:08:57.430573Z[0m [32m INFO[0m [1;32mclipcat_menu::cli[0m[32m: [32mNothing is selected[0m
    [2;3mat[0m clipcat-menu/src/cli/mod.rs:228 [2;3mon[0m main ThreadId(1)

  [2m2024-03-16T16:09:03.442142Z[0m [32m INFO[0m [1;32mclipcat_client[0m[32m: [32mConnect to server via endpoint `/run/user/1000/clipcat/grpc.sock`[0m
    [2;3mat[0m crates/client/src/lib.rs:32 [2;3mon[0m main ThreadId(1)

  [2m2024-03-16T16:09:16.935025Z[0m [32m INFO[0m [1;32mclipcat_menu::cli[0m[32m: [32mNothing is selected[0m
    [2;3mat[0m clipcat-menu/src/cli/mod.rs:228 [2;3mon[0m main ThreadId(1)

  [2m2024-03-16T16:11:48.645204Z[0m [32m INFO[0m [1;32mclipcat_client[0m[32m: [32mConnect to server via endpoint `/run/user/1000/clipcat/grpc.sock`[0m
    [2;3mat[0m crates/client/src/lib.rs:32 [2;3mon[0m main ThreadId(1)

  [2m2024-03-16T16:11:50.890070Z[0m [32m INFO[0m [1;32mclipcat_menu::cli[0m[32m: [32mNothing is selected[0m
    [2;3mat[0m clipcat-menu/src/cli/mod.rs:228 [2;3mon[0m main ThreadId(1)

  [2m2024-03-16T16:11:55.589650Z[0m [32m INFO[0m [1;32mclipcat_client[0m[32m: [32mConnect to server via endpoint `/run/user/1000/clipcat/grpc.sock`[0m
    [2;3mat[0m crates/client/src/lib.rs:32 [2;3mon[0m main ThreadId(1)

  [2m2024-03-16T16:11:57.114322Z[0m [32m INFO[0m [1;32mclipcat_menu::cli[0m[32m: [32mNothing is selected[0m
    [2;3mat[0m clipcat-menu/src/cli/mod.rs:228 [2;3mon[0m main ThreadId(1)

  [2m2024-03-16T16:12:02.005543Z[0m [32m INFO[0m [1;32mclipcat_client[0m[32m: [32mConnect to server via endpoint `/run/user/1000/clipcat/grpc.sock`[0m
    [2;3mat[0m crates/client/src/lib.rs:32 [2;3mon[0m main ThreadId(1)

  [2m2024-03-16T16:12:03.874568Z[0m [32m INFO[0m [1;32mclipcat_menu::cli[0m[32m: [32mNothing is selected[0m
    [2;3mat[0m clipcat-menu/src/cli/mod.rs:228 [2;3mon[0m main ThreadId(1)

  [2m2024-03-16T16:12:09.006014Z[0m [32m INFO[0m [1;32mclipcat_client[0m[32m: [32mConnect to server via endpoint `/run/user/1000/clipcat/grpc.sock`[0m
    [2;3mat[0m crates/client/src/lib.rs:32 [2;3mon[0m main ThreadId(1)

  [2m2024-03-16T16:12:18.402734Z[0m [32m INFO[0m [1;32mclipcat_menu::cli[0m[32m: [32mNothing is selected[0m
    [2;3mat[0m clipcat-menu/src/cli/mod.rs:228 [2;3mon[0m main ThreadId(1)

  [2m2024-03-16T16:16:30.499552Z[0m [32m INFO[0m [1;32mclipcat_client[0m[32m: [32mConnect to server via endpoint `/run/user/1000/clipcat/grpc.sock`[0m
    [2;3mat[0m crates/client/src/lib.rs:32 [2;3mon[0m main ThreadId(1)

  [2m2024-03-16T16:16:35.864275Z[0m [32m INFO[0m [1;32mclipcat_menu::cli[0m[32m: [32mNothing is selected[0m
    [2;3mat[0m clipcat-menu/src/cli/mod.rs:228 [2;3mon[0m main ThreadId(1)

  [2m2024-03-16T16:18:09.166459Z[0m [32m INFO[0m [1;32mclipcat_client[0m[32m: [32mConnect to server via endpoint `/run/user/1000/clipcat/grpc.sock`[0m
    [2;3mat[0m crates/client/src/lib.rs:32 [2;3mon[0m main ThreadId(1)

  [2m2024-03-16T16:18:11.018171Z[0m [32m INFO[0m [1;32mclipcat_menu::cli[0m[32m: [32mNothing is selected[0m
    [2;3mat[0m clipcat-menu/src/cli/mod.rs:228 [2;3mon[0m main ThreadId(1)

  [2m2024-03-16T16:18:17.297212Z[0m [32m INFO[0m [1;32mclipcat_client[0m[32m: [32mConnect to server via endpoint `/run/user/1000/clipcat/grpc.sock`[0m
    [2;3mat[0m crates/client/src/lib.rs:32 [2;3mon[0m main ThreadId(1)

  [2m2024-03-16T16:18:19.242790Z[0m [32m INFO[0m [1;32mclipcat_menu::cli[0m[32m: [32mNothing is selected[0m
    [2;3mat[0m clipcat-menu/src/cli/mod.rs:228 [2;3mon[0m main ThreadId(1)

  [2m2024-03-16T16:18:26.133586Z[0m [32m INFO[0m [1;32mclipcat_client[0m[32m: [32mConnect to server via endpoint `/run/user/1000/clipcat/grpc.sock`[0m
    [2;3mat[0m crates/client/src/lib.rs:32 [2;3mon[0m main ThreadId(1)

  [2m2024-03-16T16:18:27.474286Z[0m [32m INFO[0m [1;32mclipcat_menu::cli[0m[32m: [32mNothing is selected[0m
    [2;3mat[0m clipcat-menu/src/cli/mod.rs:228 [2;3mon[0m main ThreadId(1)

  [2m2024-03-16T16:18:48.118008Z[0m [32m INFO[0m [1;32mclipcat_client[0m[32m: [32mConnect to server via endpoint `/run/user/1000/clipcat/grpc.sock`[0m
    [2;3mat[0m crates/client/src/lib.rs:32 [2;3mon[0m main ThreadId(1)

  [2m2024-03-16T16:18:49.370845Z[0m [32m INFO[0m [1;32mclipcat_menu::cli[0m[32m: [32mNothing is selected[0m
    [2;3mat[0m clipcat-menu/src/cli/mod.rs:228 [2;3mon[0m main ThreadId(1)

  [2m2024-03-16T16:18:55.654402Z[0m [32m INFO[0m [1;32mclipcat_client[0m[32m: [32mConnect to server via endpoint `/run/user/1000/clipcat/grpc.sock`[0m
    [2;3mat[0m crates/client/src/lib.rs:32 [2;3mon[0m main ThreadId(1)

  [2m2024-03-16T16:18:56.915349Z[0m [32m INFO[0m [1;32mclipcat_menu::cli[0m[32m: [32mNothing is selected[0m
    [2;3mat[0m clipcat-menu/src/cli/mod.rs:228 [2;3mon[0m main ThreadId(1)

  [2m2024-03-16T16:19:21.632340Z[0m [32m INFO[0m [1;32mclipcat_client[0m[32m: [32mConnect to server via endpoint `/run/user/1000/clipcat/grpc.sock`[0m
    [2;3mat[0m crates/client/src/lib.rs:32 [2;3mon[0m main ThreadId(1)

  [2m2024-03-16T16:19:26.763465Z[0m [32m INFO[0m [1;32mclipcat_menu::cli[0m[32m: [32mNothing is selected[0m
    [2;3mat[0m clipcat-menu/src/cli/mod.rs:228 [2;3mon[0m main ThreadId(1)

  [2m2024-03-16T16:19:59.936219Z[0m [32m INFO[0m [1;32mclipcat_client[0m[32m: [32mConnect to server via endpoint `/run/user/1000/clipcat/grpc.sock`[0m
    [2;3mat[0m crates/client/src/lib.rs:32 [2;3mon[0m main ThreadId(1)

  [2m2024-03-16T16:20:02.116124Z[0m [32m INFO[0m [1;32mclipcat_menu::cli[0m[32m: [32mNothing is selected[0m
    [2;3mat[0m clipcat-menu/src/cli/mod.rs:228 [2;3mon[0m main ThreadId(1)

  [2m2024-03-16T16:20:11.911765Z[0m [32m INFO[0m [1;32mclipcat_client[0m[32m: [32mConnect to server via endpoint `/run/user/1000/clipcat/grpc.sock`[0m
    [2;3mat[0m crates/client/src/lib.rs:32 [2;3mon[0m main ThreadId(1)

  [2m2024-03-16T16:20:12.940650Z[0m [32m INFO[0m [1;32mclipcat_menu::cli[0m[32m: [32mNothing is selected[0m
    [2;3mat[0m clipcat-menu/src/cli/mod.rs:228 [2;3mon[0m main ThreadId(1)

  [2m2024-03-16T16:22:29.636257Z[0m [32m INFO[0m [1;32mclipcat_client[0m[32m: [32mConnect to server via endpoint `/run/user/1000/clipcat/grpc.sock`[0m
    [2;3mat[0m crates/client/src/lib.rs:32 [2;3mon[0m main ThreadId(1)

  [2m2024-03-16T16:22:31.559568Z[0m [32m INFO[0m [1;32mclipcat_menu::cli[0m[32m: [32mNothing is selected[0m
    [2;3mat[0m clipcat-menu/src/cli/mod.rs:228 [2;3mon[0m main ThreadId(1)

  [2m2024-03-16T16:23:07.261056Z[0m [32m INFO[0m [1;32mclipcat_client[0m[32m: [32mConnect to server via endpoint `/run/user/1000/clipcat/grpc.sock`[0m
    [2;3mat[0m crates/client/src/lib.rs:32 [2;3mon[0m main ThreadId(1)

  [2m2024-03-16T16:23:10.688426Z[0m [32m INFO[0m [1;32mclipcat_menu::cli[0m[32m: [32mInserting clip (index: 3, id: 143437ef222fe10e)[0m
    [2;3mat[0m clipcat-menu/src/cli/mod.rs:223 [2;3mon[0m main ThreadId(1)

  [2m2024-03-16T16:23:15.252517Z[0m [32m INFO[0m [1;32mclipcat_client[0m[32m: [32mConnect to server via endpoint `/run/user/1000/clipcat/grpc.sock`[0m
    [2;3mat[0m crates/client/src/lib.rs:32 [2;3mon[0m main ThreadId(1)

  [2m2024-03-16T16:23:24.808696Z[0m [32m INFO[0m [1;32mclipcat_menu::cli[0m[32m: [32mInserting clip (index: 3, id: e10f8a37e4e22233)[0m
    [2;3mat[0m clipcat-menu/src/cli/mod.rs:223 [2;3mon[0m main ThreadId(1)

  [2m2024-03-16T16:24:35.254224Z[0m [32m INFO[0m [1;32mclipcat_client[0m[32m: [32mConnect to server via endpoint `/run/user/1000/clipcat/grpc.sock`[0m
    [2;3mat[0m crates/client/src/lib.rs:32 [2;3mon[0m main ThreadId(1)

  [2m2024-03-16T16:24:40.241960Z[0m [32m INFO[0m [1;32mclipcat_menu::cli[0m[32m: [32mInserting clip (index: 5, id: 87f1d37a73958761)[0m
    [2;3mat[0m clipcat-menu/src/cli/mod.rs:223 [2;3mon[0m main ThreadId(1)

  [2m2024-03-16T16:25:02.326494Z[0m [32m INFO[0m [1;32mclipcat_client[0m[32m: [32mConnect to server via endpoint `/run/user/1000/clipcat/grpc.sock`[0m
    [2;3mat[0m crates/client/src/lib.rs:32 [2;3mon[0m main ThreadId(1)

  [2m2024-03-16T16:25:07.074485Z[0m [32m INFO[0m [1;32mclipcat_menu::cli[0m[32m: [32mInserting clip (index: 4, id: c4399213d079bfb9)[0m
    [2;3mat[0m clipcat-menu/src/cli/mod.rs:223 [2;3mon[0m main ThreadId(1)

  [2m2024-03-16T16:25:21.359118Z[0m [32m INFO[0m [1;32mclipcat_client[0m[32m: [32mConnect to server via endpoint `/run/user/1000/clipcat/grpc.sock`[0m
    [2;3mat[0m crates/client/src/lib.rs:32 [2;3mon[0m main ThreadId(1)

  [2m2024-03-16T16:25:25.506993Z[0m [32m INFO[0m [1;32mclipcat_menu::cli[0m[32m: [32mInserting clip (index: 4, id: d593fcd97e8b2cc1)[0m
    [2;3mat[0m clipcat-menu/src/cli/mod.rs:223 [2;3mon[0m main ThreadId(1)

  [2m2024-03-16T16:25:32.888983Z[0m [32m INFO[0m [1;32mclipcat_client[0m[32m: [32mConnect to server via endpoint `/run/user/1000/clipcat/grpc.sock`[0m
    [2;3mat[0m crates/client/src/lib.rs:32 [2;3mon[0m main ThreadId(1)

  [2m2024-03-16T16:25:38.643288Z[0m [32m INFO[0m [1;32mclipcat_menu::cli[0m[32m: [32mInserting clip (index: 0, id: d593fcd97e8b2cc1)[0m
    [2;3mat[0m clipcat-menu/src/cli/mod.rs:223 [2;3mon[0m main ThreadId(1)

  [2m2024-03-16T16:25:50.840188Z[0m [32m INFO[0m [1;32mclipcat_client[0m[32m: [32mConnect to server via endpoint `/run/user/1000/clipcat/grpc.sock`[0m
    [2;3mat[0m crates/client/src/lib.rs:32 [2;3mon[0m main ThreadId(1)

  [2m2024-03-16T16:25:54.635347Z[0m [32m INFO[0m [1;32mclipcat_menu::cli[0m[32m: [32mInserting clip (index: 0, id: d593fcd97e8b2cc1)[0m
    [2;3mat[0m clipcat-menu/src/cli/mod.rs:223 [2;3mon[0m main ThreadId(1)

  [2m2024-03-16T16:26:28.337294Z[0m [32m INFO[0m [1;32mclipcat_client[0m[32m: [32mConnect to server via endpoint `/run/user/1000/clipcat/grpc.sock`[0m
    [2;3mat[0m crates/client/src/lib.rs:32 [2;3mon[0m main ThreadId(1)

  [2m2024-03-16T16:26:31.547702Z[0m [32m INFO[0m [1;32mclipcat_menu::cli[0m[32m: [32mNothing is selected[0m
    [2;3mat[0m clipcat-menu/src/cli/mod.rs:228 [2;3mon[0m main ThreadId(1)

  [2m2024-03-16T16:26:35.487286Z[0m [32m INFO[0m [1;32mclipcat_client[0m[32m: [32mConnect to server via endpoint `/run/user/1000/clipcat/grpc.sock`[0m
    [2;3mat[0m crates/client/src/lib.rs:32 [2;3mon[0m main ThreadId(1)

  [2m2024-03-16T16:26:36.620346Z[0m [32m INFO[0m [1;32mclipcat_menu::cli[0m[32m: [32mNothing is selected[0m
    [2;3mat[0m clipcat-menu/src/cli/mod.rs:228 [2;3mon[0m main ThreadId(1)

  [2m2024-03-16T16:26:42.279677Z[0m [32m INFO[0m [1;32mclipcat_client[0m[32m: [32mConnect to server via endpoint `/run/user/1000/clipcat/grpc.sock`[0m
    [2;3mat[0m crates/client/src/lib.rs:32 [2;3mon[0m main ThreadId(1)

  [2m2024-03-16T16:26:43.556539Z[0m [32m INFO[0m [1;32mclipcat_menu::cli[0m[32m: [32mNothing is selected[0m
    [2;3mat[0m clipcat-menu/src/cli/mod.rs:228 [2;3mon[0m main ThreadId(1)

  [2m2024-03-16T16:27:41.182872Z[0m [32m INFO[0m [1;32mclipcat_client[0m[32m: [32mConnect to server via endpoint `/run/user/1000/clipcat/grpc.sock`[0m
    [2;3mat[0m crates/client/src/lib.rs:32 [2;3mon[0m main ThreadId(1)

  [2m2024-03-16T16:27:43.485982Z[0m [32m INFO[0m [1;32mclipcat_menu::cli[0m[32m: [32mNothing is selected[0m
    [2;3mat[0m clipcat-menu/src/cli/mod.rs:228 [2;3mon[0m main ThreadId(1)

  [2m2024-03-16T16:28:36.714796Z[0m [32m INFO[0m [1;32mclipcat_client[0m[32m: [32mConnect to server via endpoint `/run/user/1000/clipcat/grpc.sock`[0m
    [2;3mat[0m crates/client/src/lib.rs:32 [2;3mon[0m main ThreadId(1)

  [2m2024-03-16T16:28:37.494791Z[0m [32m INFO[0m [1;32mclipcat_menu::cli[0m[32m: [32mNothing is selected[0m
    [2;3mat[0m clipcat-menu/src/cli/mod.rs:228 [2;3mon[0m main ThreadId(1)

  [2m2024-03-16T16:28:43.043156Z[0m [32m INFO[0m [1;32mclipcat_client[0m[32m: [32mConnect to server via endpoint `/run/user/1000/clipcat/grpc.sock`[0m
    [2;3mat[0m crates/client/src/lib.rs:32 [2;3mon[0m main ThreadId(1)

  [2m2024-03-16T16:28:45.135202Z[0m [32m INFO[0m [1;32mclipcat_menu::cli[0m[32m: [32mNothing is selected[0m
    [2;3mat[0m clipcat-menu/src/cli/mod.rs:228 [2;3mon[0m main ThreadId(1)

  [2m2024-03-16T16:28:51.283467Z[0m [32m INFO[0m [1;32mclipcat_client[0m[32m: [32mConnect to server via endpoint `/run/user/1000/clipcat/grpc.sock`[0m
    [2;3mat[0m crates/client/src/lib.rs:32 [2;3mon[0m main ThreadId(1)

  [2m2024-03-16T16:28:52.567217Z[0m [32m INFO[0m [1;32mclipcat_menu::cli[0m[32m: [32mNothing is selected[0m
    [2;3mat[0m clipcat-menu/src/cli/mod.rs:228 [2;3mon[0m main ThreadId(1)

  [2m2024-03-16T16:32:07.079305Z[0m [32m INFO[0m [1;32mclipcat_client[0m[32m: [32mConnect to server via endpoint `/run/user/1000/clipcat/grpc.sock`[0m
    [2;3mat[0m crates/client/src/lib.rs:32 [2;3mon[0m main ThreadId(1)

  [2m2024-03-16T16:32:09.659016Z[0m [32m INFO[0m [1;32mclipcat_menu::cli[0m[32m: [32mNothing is selected[0m
    [2;3mat[0m clipcat-menu/src/cli/mod.rs:228 [2;3mon[0m main ThreadId(1)

  [2m2024-03-16T16:32:22.912261Z[0m [32m INFO[0m [1;32mclipcat_client[0m[32m: [32mConnect to server via endpoint `/run/user/1000/clipcat/grpc.sock`[0m
    [2;3mat[0m crates/client/src/lib.rs:32 [2;3mon[0m main ThreadId(1)

  [2m2024-03-16T16:32:24.467227Z[0m [32m INFO[0m [1;32mclipcat_menu::cli[0m[32m: [32mNothing is selected[0m
    [2;3mat[0m clipcat-menu/src/cli/mod.rs:228 [2;3mon[0m main ThreadId(1)

  [2m2024-03-16T16:32:28.311423Z[0m [32m INFO[0m [1;32mclipcat_client[0m[32m: [32mConnect to server via endpoint `/run/user/1000/clipcat/grpc.sock`[0m
    [2;3mat[0m crates/client/src/lib.rs:32 [2;3mon[0m main ThreadId(1)

  [2m2024-03-16T16:32:29.932012Z[0m [32m INFO[0m [1;32mclipcat_menu::cli[0m[32m: [32mNothing is selected[0m
    [2;3mat[0m clipcat-menu/src/cli/mod.rs:228 [2;3mon[0m main ThreadId(1)

  [2m2024-03-16T16:32:33.191761Z[0m [32m INFO[0m [1;32mclipcat_client[0m[32m: [32mConnect to server via endpoint `/run/user/1000/clipcat/grpc.sock`[0m
    [2;3mat[0m crates/client/src/lib.rs:32 [2;3mon[0m main ThreadId(1)

  [2m2024-03-16T16:32:34.916118Z[0m [32m INFO[0m [1;32mclipcat_menu::cli[0m[32m: [32mNothing is selected[0m
    [2;3mat[0m clipcat-menu/src/cli/mod.rs:228 [2;3mon[0m main ThreadId(1)

  [2m2024-03-16T16:33:08.464847Z[0m [32m INFO[0m [1;32mclipcat_client[0m[32m: [32mConnect to server via endpoint `/run/user/1000/clipcat/grpc.sock`[0m
    [2;3mat[0m crates/client/src/lib.rs:32 [2;3mon[0m main ThreadId(1)

  [2m2024-03-16T16:33:10.724084Z[0m [32m INFO[0m [1;32mclipcat_menu::cli[0m[32m: [32mNothing is selected[0m
    [2;3mat[0m clipcat-menu/src/cli/mod.rs:228 [2;3mon[0m main ThreadId(1)

  [2m2024-03-16T16:33:15.664353Z[0m [32m INFO[0m [1;32mclipcat_client[0m[32m: [32mConnect to server via endpoint `/run/user/1000/clipcat/grpc.sock`[0m
    [2;3mat[0m crates/client/src/lib.rs:32 [2;3mon[0m main ThreadId(1)

  [2m2024-03-16T16:33:16.436236Z[0m [32m INFO[0m [1;32mclipcat_menu::cli[0m[32m: [32mNothing is selected[0m
    [2;3mat[0m clipcat-menu/src/cli/mod.rs:228 [2;3mon[0m main ThreadId(1)

  [2m2024-03-16T16:33:20.263798Z[0m [32m INFO[0m [1;32mclipcat_client[0m[32m: [32mConnect to server via endpoint `/run/user/1000/clipcat/grpc.sock`[0m
    [2;3mat[0m crates/client/src/lib.rs:32 [2;3mon[0m main ThreadId(1)

  [2m2024-03-16T16:33:21.036635Z[0m [32m INFO[0m [1;32mclipcat_menu::cli[0m[32m: [32mNothing is selected[0m
    [2;3mat[0m clipcat-menu/src/cli/mod.rs:228 [2;3mon[0m main ThreadId(1)

  [2m2024-03-16T16:34:38.763120Z[0m [32m INFO[0m [1;32mclipcat_client[0m[32m: [32mConnect to server via endpoint `/run/user/1000/clipcat/grpc.sock`[0m
    [2;3mat[0m crates/client/src/lib.rs:32 [2;3mon[0m main ThreadId(1)

  [2m2024-03-16T16:34:39.870515Z[0m [32m INFO[0m [1;32mclipcat_menu::cli[0m[32m: [32mNothing is selected[0m
    [2;3mat[0m clipcat-menu/src/cli/mod.rs:228 [2;3mon[0m main ThreadId(1)

  [2m2024-03-16T16:38:55.833584Z[0m [32m INFO[0m [1;32mclipcat_client[0m[32m: [32mConnect to server via endpoint `/run/user/1000/clipcat/grpc.sock`[0m
    [2;3mat[0m crates/client/src/lib.rs:32 [2;3mon[0m main ThreadId(1)

  [2m2024-03-16T16:39:02.508809Z[0m [32m INFO[0m [1;32mclipcat_menu::cli[0m[32m: [32mNothing is selected[0m
    [2;3mat[0m clipcat-menu/src/cli/mod.rs:228 [2;3mon[0m main ThreadId(1)

  [2m2024-03-16T16:40:22.091210Z[0m [32m INFO[0m [1;32mclipcat_client[0m[32m: [32mConnect to server via endpoint `/run/user/1000/clipcat/grpc.sock`[0m
    [2;3mat[0m crates/client/src/lib.rs:32 [2;3mon[0m main ThreadId(1)

  [2m2024-03-16T16:40:23.787194Z[0m [32m INFO[0m [1;32mclipcat_client[0m[32m: [32mConnect to server via endpoint `/run/user/1000/clipcat/grpc.sock`[0m
    [2;3mat[0m crates/client/src/lib.rs:32 [2;3mon[0m main ThreadId(1)

  [2m2024-03-16T16:40:24.282731Z[0m [32m INFO[0m [1;32mclipcat_client[0m[32m: [32mConnect to server via endpoint `/run/user/1000/clipcat/grpc.sock`[0m
    [2;3mat[0m crates/client/src/lib.rs:32 [2;3mon[0m main ThreadId(1)

  [2m2024-03-16T16:40:24.715392Z[0m [32m INFO[0m [1;32mclipcat_client[0m[32m: [32mConnect to server via endpoint `/run/user/1000/clipcat/grpc.sock`[0m
    [2;3mat[0m crates/client/src/lib.rs:32 [2;3mon[0m main ThreadId(1)

  [2m2024-03-16T16:40:25.114804Z[0m [32m INFO[0m [1;32mclipcat_client[0m[32m: [32mConnect to server via endpoint `/run/user/1000/clipcat/grpc.sock`[0m
    [2;3mat[0m crates/client/src/lib.rs:32 [2;3mon[0m main ThreadId(1)

  [2m2024-03-16T16:40:25.498746Z[0m [32m INFO[0m [1;32mclipcat_client[0m[32m: [32mConnect to server via endpoint `/run/user/1000/clipcat/grpc.sock`[0m
    [2;3mat[0m crates/client/src/lib.rs:32 [2;3mon[0m main ThreadId(1)

  [2m2024-03-16T16:40:25.835473Z[0m [32m INFO[0m [1;32mclipcat_client[0m[32m: [32mConnect to server via endpoint `/run/user/1000/clipcat/grpc.sock`[0m
    [2;3mat[0m crates/client/src/lib.rs:32 [2;3mon[0m main ThreadId(1)

  [2m2024-03-16T16:40:26.195460Z[0m [32m INFO[0m [1;32mclipcat_client[0m[32m: [32mConnect to server via endpoint `/run/user/1000/clipcat/grpc.sock`[0m
    [2;3mat[0m crates/client/src/lib.rs:32 [2;3mon[0m main ThreadId(1)

  [2m2024-03-16T16:40:26.499066Z[0m [32m INFO[0m [1;32mclipcat_client[0m[32m: [32mConnect to server via endpoint `/run/user/1000/clipcat/grpc.sock`[0m
    [2;3mat[0m crates/client/src/lib.rs:32 [2;3mon[0m main ThreadId(1)

  [2m2024-03-16T16:40:37.635676Z[0m [32m INFO[0m [1;32mclipcat_client[0m[32m: [32mConnect to server via endpoint `/run/user/1000/clipcat/grpc.sock`[0m
    [2;3mat[0m crates/client/src/lib.rs:32 [2;3mon[0m main ThreadId(1)

  [2m2024-03-16T16:40:50.761038Z[0m [32m INFO[0m [1;32mclipcat_client[0m[32m: [32mConnect to server via endpoint `/run/user/1000/clipcat/grpc.sock`[0m
    [2;3mat[0m crates/client/src/lib.rs:32 [2;3mon[0m main ThreadId(1)

  [2m2024-03-16T16:42:29.908187Z[0m [32m INFO[0m [1;32mclipcat_client[0m[32m: [32mConnect to server via endpoint `/run/user/1000/clipcat/grpc.sock`[0m
    [2;3mat[0m crates/client/src/lib.rs:32 [2;3mon[0m main ThreadId(1)

  [2m2024-03-16T16:42:30.795590Z[0m [32m INFO[0m [1;32mclipcat_client[0m[32m: [32mConnect to server via endpoint `/run/user/1000/clipcat/grpc.sock`[0m
    [2;3mat[0m crates/client/src/lib.rs:32 [2;3mon[0m main ThreadId(1)

  [2m2024-03-16T16:42:32.058076Z[0m [32m INFO[0m [1;32mclipcat_client[0m[32m: [32mConnect to server via endpoint `/run/user/1000/clipcat/grpc.sock`[0m
    [2;3mat[0m crates/client/src/lib.rs:32 [2;3mon[0m main ThreadId(1)

  [2m2024-03-16T16:42:32.411830Z[0m [32m INFO[0m [1;32mclipcat_client[0m[32m: [32mConnect to server via endpoint `/run/user/1000/clipcat/grpc.sock`[0m
    [2;3mat[0m crates/client/src/lib.rs:32 [2;3mon[0m main ThreadId(1)

  [2m2024-03-16T16:42:32.675215Z[0m [32m INFO[0m [1;32mclipcat_client[0m[32m: [32mConnect to server via endpoint `/run/user/1000/clipcat/grpc.sock`[0m
    [2;3mat[0m crates/client/src/lib.rs:32 [2;3mon[0m main ThreadId(1)

  [2m2024-03-16T16:42:33.370991Z[0m [32m INFO[0m [1;32mclipcat_client[0m[32m: [32mConnect to server via endpoint `/run/user/1000/clipcat/grpc.sock`[0m
    [2;3mat[0m crates/client/src/lib.rs:32 [2;3mon[0m main ThreadId(1)

  [2m2024-03-16T16:43:02.080882Z[0m [32m INFO[0m [1;32mclipcat_client[0m[32m: [32mConnect to server via endpoint `/run/user/1000/clipcat/grpc.sock`[0m
    [2;3mat[0m crates/client/src/lib.rs:32 [2;3mon[0m main ThreadId(1)

  [2m2024-03-16T16:43:23.660876Z[0m [32m INFO[0m [1;32mclipcat_client[0m[32m: [32mConnect to server via endpoint `/run/user/1000/clipcat/grpc.sock`[0m
    [2;3mat[0m crates/client/src/lib.rs:32 [2;3mon[0m main ThreadId(1)

  [2m2024-03-16T16:43:24.719495Z[0m [32m INFO[0m [1;32mclipcat_menu::cli[0m[32m: [32mNothing is selected[0m
    [2;3mat[0m clipcat-menu/src/cli/mod.rs:228 [2;3mon[0m main ThreadId(1)

  [2m2024-03-16T16:43:28.878787Z[0m [32m INFO[0m [1;32mclipcat_client[0m[32m: [32mConnect to server via endpoint `/run/user/1000/clipcat/grpc.sock`[0m
    [2;3mat[0m crates/client/src/lib.rs:32 [2;3mon[0m main ThreadId(1)

  [2m2024-03-16T16:43:30.074432Z[0m [32m INFO[0m [1;32mclipcat_menu::cli[0m[32m: [32mNothing is selected[0m
    [2;3mat[0m clipcat-menu/src/cli/mod.rs:228 [2;3mon[0m main ThreadId(1)

  [2m2024-03-16T16:45:25.484034Z[0m [32m INFO[0m [1;32mclipcat_client[0m[32m: [32mConnect to server via endpoint `/run/user/1000/clipcat/grpc.sock`[0m
    [2;3mat[0m crates/client/src/lib.rs:32 [2;3mon[0m main ThreadId(1)

  [2m2024-03-16T16:45:26.595949Z[0m [32m INFO[0m [1;32mclipcat_menu::cli[0m[32m: [32mNothing is selected[0m
    [2;3mat[0m clipcat-menu/src/cli/mod.rs:228 [2;3mon[0m main ThreadId(1)

  [2m2024-03-16T16:45:30.156518Z[0m [32m INFO[0m [1;32mclipcat_client[0m[32m: [32mConnect to server via endpoint `/run/user/1000/clipcat/grpc.sock`[0m
    [2;3mat[0m crates/client/src/lib.rs:32 [2;3mon[0m main ThreadId(1)

  [2m2024-03-16T16:45:31.764621Z[0m [32m INFO[0m [1;32mclipcat_menu::cli[0m[32m: [32mNothing is selected[0m
    [2;3mat[0m clipcat-menu/src/cli/mod.rs:228 [2;3mon[0m main ThreadId(1)

  [2m2024-03-16T16:45:35.429336Z[0m [32m INFO[0m [1;32mclipcat_client[0m[32m: [32mConnect to server via endpoint `/run/user/1000/clipcat/grpc.sock`[0m
    [2;3mat[0m crates/client/src/lib.rs:32 [2;3mon[0m main ThreadId(1)

  [2m2024-03-16T16:45:36.814456Z[0m [32m INFO[0m [1;32mclipcat_menu::cli[0m[32m: [32mNothing is selected[0m
    [2;3mat[0m clipcat-menu/src/cli/mod.rs:228 [2;3mon[0m main ThreadId(1)

  [2m2024-03-16T16:45:40.688448Z[0m [32m INFO[0m [1;32mclipcat_client[0m[32m: [32mConnect to server via endpoint `/run/user/1000/clipcat/grpc.sock`[0m
    [2;3mat[0m crates/client/src/lib.rs:32 [2;3mon[0m main ThreadId(1)

  [2m2024-03-16T16:45:41.447112Z[0m [32m INFO[0m [1;32mclipcat_menu::cli[0m[32m: [32mNothing is selected[0m
    [2;3mat[0m clipcat-menu/src/cli/mod.rs:228 [2;3mon[0m main ThreadId(1)

  [2m2024-03-16T16:45:55.674983Z[0m [32m INFO[0m [1;32mclipcat_client[0m[32m: [32mConnect to server via endpoint `/run/user/1000/clipcat/grpc.sock`[0m
    [2;3mat[0m crates/client/src/lib.rs:32 [2;3mon[0m main ThreadId(1)

  [2m2024-03-16T16:45:56.548125Z[0m [32m INFO[0m [1;32mclipcat_menu::cli[0m[32m: [32mNothing is selected[0m
    [2;3mat[0m clipcat-menu/src/cli/mod.rs:228 [2;3mon[0m main ThreadId(1)

  [2m2024-03-16T16:46:18.570622Z[0m [32m INFO[0m [1;32mclipcat_client[0m[32m: [32mConnect to server via endpoint `/run/user/1000/clipcat/grpc.sock`[0m
    [2;3mat[0m crates/client/src/lib.rs:32 [2;3mon[0m main ThreadId(1)

  [2m2024-03-16T16:46:19.828518Z[0m [32m INFO[0m [1;32mclipcat_menu::cli[0m[32m: [32mNothing is selected[0m
    [2;3mat[0m clipcat-menu/src/cli/mod.rs:228 [2;3mon[0m main ThreadId(1)

  [2m2024-03-16T16:46:27.861913Z[0m [32m INFO[0m [1;32mclipcat_client[0m[32m: [32mConnect to server via endpoint `/run/user/1000/clipcat/grpc.sock`[0m
    [2;3mat[0m crates/client/src/lib.rs:32 [2;3mon[0m main ThreadId(1)

  [2m2024-03-16T16:46:40.818765Z[0m [32m INFO[0m [1;32mclipcat_menu::cli[0m[32m: [32mNothing is selected[0m
    [2;3mat[0m clipcat-menu/src/cli/mod.rs:228 [2;3mon[0m main ThreadId(1)

  [2m2024-03-16T16:50:07.426929Z[0m [32m INFO[0m [1;32mclipcat_client[0m[32m: [32mConnect to server via endpoint `/run/user/1000/clipcat/grpc.sock`[0m
    [2;3mat[0m crates/client/src/lib.rs:32 [2;3mon[0m main ThreadId(1)

  [2m2024-03-16T16:50:12.939259Z[0m [32m INFO[0m [1;32mclipcat_menu::cli[0m[32m: [32mNothing is selected[0m
    [2;3mat[0m clipcat-menu/src/cli/mod.rs:228 [2;3mon[0m main ThreadId(1)

  [2m2024-03-16T16:50:37.826598Z[0m [32m INFO[0m [1;32mclipcat_client[0m[32m: [32mConnect to server via endpoint `/run/user/1000/clipcat/grpc.sock`[0m
    [2;3mat[0m crates/client/src/lib.rs:32 [2;3mon[0m main ThreadId(1)

  [2m2024-03-16T16:51:37.886728Z[0m [32m INFO[0m [1;32mclipcat_client[0m[32m: [32mConnect to server via endpoint `/run/user/1000/clipcat/grpc.sock`[0m
    [2;3mat[0m crates/client/src/lib.rs:32 [2;3mon[0m main ThreadId(1)

  [2m2024-03-16T16:51:52.629105Z[0m [32m INFO[0m [1;32mclipcat_client[0m[32m: [32mConnect to server via endpoint `/run/user/1000/clipcat/grpc.sock`[0m
    [2;3mat[0m crates/client/src/lib.rs:32 [2;3mon[0m main ThreadId(1)

  [2m2024-03-16T16:53:09.588014Z[0m [32m INFO[0m [1;32mclipcat_client[0m[32m: [32mConnect to server via endpoint `/run/user/1000/clipcat/grpc.sock`[0m
    [2;3mat[0m crates/client/src/lib.rs:32 [2;3mon[0m main ThreadId(1)

  [2m2024-03-16T16:53:14.329913Z[0m [32m INFO[0m [1;32mclipcat_menu::cli[0m[32m: [32mNothing is selected[0m
    [2;3mat[0m clipcat-menu/src/cli/mod.rs:228 [2;3mon[0m main ThreadId(1)

  [2m2024-03-16T16:53:20.602993Z[0m [32m INFO[0m [1;32mclipcat_client[0m[32m: [32mConnect to server via endpoint `/run/user/1000/clipcat/grpc.sock`[0m
    [2;3mat[0m crates/client/src/lib.rs:32 [2;3mon[0m main ThreadId(1)

  [2m2024-03-16T16:53:22.385267Z[0m [32m INFO[0m [1;32mclipcat_menu::cli[0m[32m: [32mNothing is selected[0m
    [2;3mat[0m clipcat-menu/src/cli/mod.rs:228 [2;3mon[0m main ThreadId(1)

  [2m2024-03-16T16:53:27.555874Z[0m [32m INFO[0m [1;32mclipcat_client[0m[32m: [32mConnect to server via endpoint `/run/user/1000/clipcat/grpc.sock`[0m
    [2;3mat[0m crates/client/src/lib.rs:32 [2;3mon[0m main ThreadId(1)

  [2m2024-03-16T16:53:29.250349Z[0m [32m INFO[0m [1;32mclipcat_menu::cli[0m[32m: [32mNothing is selected[0m
    [2;3mat[0m clipcat-menu/src/cli/mod.rs:228 [2;3mon[0m main ThreadId(1)

  [2m2024-03-16T16:53:33.644389Z[0m [32m INFO[0m [1;32mclipcat_client[0m[32m: [32mConnect to server via endpoint `/run/user/1000/clipcat/grpc.sock`[0m
    [2;3mat[0m crates/client/src/lib.rs:32 [2;3mon[0m main ThreadId(1)

  [2m2024-03-16T16:53:42.056990Z[0m [32m INFO[0m [1;32mclipcat_menu::cli[0m[32m: [32mNothing is selected[0m
    [2;3mat[0m clipcat-menu/src/cli/mod.rs:228 [2;3mon[0m main ThreadId(1)

  [2m2024-03-16T16:53:50.059112Z[0m [32m INFO[0m [1;32mclipcat_client[0m[32m: [32mConnect to server via endpoint `/run/user/1000/clipcat/grpc.sock`[0m
    [2;3mat[0m crates/client/src/lib.rs:32 [2;3mon[0m main ThreadId(1)

  [2m2024-03-16T16:53:54.723214Z[0m [32m INFO[0m [1;32mclipcat_menu::cli[0m[32m: [32mNothing is selected[0m
    [2;3mat[0m clipcat-menu/src/cli/mod.rs:228 [2;3mon[0m main ThreadId(1)

  [2m2024-03-16T16:54:04.826016Z[0m [32m INFO[0m [1;32mclipcat_client[0m[32m: [32mConnect to server via endpoint `/run/user/1000/clipcat/grpc.sock`[0m
    [2;3mat[0m crates/client/src/lib.rs:32 [2;3mon[0m main ThreadId(1)

  [2m2024-03-16T16:54:09.578559Z[0m [32m INFO[0m [1;32mclipcat_menu::cli[0m[32m: [32mNothing is selected[0m
    [2;3mat[0m clipcat-menu/src/cli/mod.rs:228 [2;3mon[0m main ThreadId(1)

  [2m2024-03-16T16:54:21.476092Z[0m [32m INFO[0m [1;32mclipcat_client[0m[32m: [32mConnect to server via endpoint `/run/user/1000/clipcat/grpc.sock`[0m
    [2;3mat[0m crates/client/src/lib.rs:32 [2;3mon[0m main ThreadId(1)

  [2m2024-03-16T16:54:24.811962Z[0m [32m INFO[0m [1;32mclipcat_menu::cli[0m[32m: [32mNothing is selected[0m
    [2;3mat[0m clipcat-menu/src/cli/mod.rs:228 [2;3mon[0m main ThreadId(1)

  [2m2024-03-16T16:54:29.763878Z[0m [32m INFO[0m [1;32mclipcat_client[0m[32m: [32mConnect to server via endpoint `/run/user/1000/clipcat/grpc.sock`[0m
    [2;3mat[0m crates/client/src/lib.rs:32 [2;3mon[0m main ThreadId(1)

  [2m2024-03-16T16:54:35.348694Z[0m [32m INFO[0m [1;32mclipcat_menu::cli[0m[32m: [32mNothing is selected[0m
    [2;3mat[0m clipcat-menu/src/cli/mod.rs:228 [2;3mon[0m main ThreadId(1)

  [2m2024-03-16T16:54:39.660030Z[0m [32m INFO[0m [1;32mclipcat_client[0m[32m: [32mConnect to server via endpoint `/run/user/1000/clipcat/grpc.sock`[0m
    [2;3mat[0m crates/client/src/lib.rs:32 [2;3mon[0m main ThreadId(1)

  [2m2024-03-16T16:54:48.566535Z[0m [32m INFO[0m [1;32mclipcat_menu::cli[0m[32m: [32mNothing is selected[0m
    [2;3mat[0m clipcat-menu/src/cli/mod.rs:228 [2;3mon[0m main ThreadId(1)

  [2m2024-03-16T16:54:55.055412Z[0m [32m INFO[0m [1;32mclipcat_client[0m[32m: [32mConnect to server via endpoint `/run/user/1000/clipcat/grpc.sock`[0m
    [2;3mat[0m crates/client/src/lib.rs:32 [2;3mon[0m main ThreadId(1)

  [2m2024-03-16T16:54:56.598252Z[0m [32m INFO[0m [1;32mclipcat_menu::cli[0m[32m: [32mNothing is selected[0m
    [2;3mat[0m clipcat-menu/src/cli/mod.rs:228 [2;3mon[0m main ThreadId(1)

  [2m2024-03-16T16:55:07.440963Z[0m [32m INFO[0m [1;32mclipcat_client[0m[32m: [32mConnect to server via endpoint `/run/user/1000/clipcat/grpc.sock`[0m
    [2;3mat[0m crates/client/src/lib.rs:32 [2;3mon[0m main ThreadId(1)

  [2m2024-03-16T16:55:31.704844Z[0m [32m INFO[0m [1;32mclipcat_menu::cli[0m[32m: [32mNothing is selected[0m
    [2;3mat[0m clipcat-menu/src/cli/mod.rs:228 [2;3mon[0m main ThreadId(1)

  [2m2024-03-16T16:55:43.809003Z[0m [32m INFO[0m [1;32mclipcat_client[0m[32m: [32mConnect to server via endpoint `/run/user/1000/clipcat/grpc.sock`[0m
    [2;3mat[0m crates/client/src/lib.rs:32 [2;3mon[0m main ThreadId(1)

  [2m2024-03-16T16:55:46.871464Z[0m [32m INFO[0m [1;32mclipcat_menu::cli[0m[32m: [32mNothing is selected[0m
    [2;3mat[0m clipcat-menu/src/cli/mod.rs:228 [2;3mon[0m main ThreadId(1)

  [2m2024-03-16T16:56:55.482926Z[0m [32m INFO[0m [1;32mclipcat_client[0m[32m: [32mConnect to server via endpoint `/run/user/1000/clipcat/grpc.sock`[0m
    [2;3mat[0m crates/client/src/lib.rs:32 [2;3mon[0m main ThreadId(1)

  [2m2024-03-16T16:56:57.696826Z[0m [32m INFO[0m [1;32mclipcat_menu::cli[0m[32m: [32mNothing is selected[0m
    [2;3mat[0m clipcat-menu/src/cli/mod.rs:228 [2;3mon[0m main ThreadId(1)

  [2m2024-03-16T16:59:54.118072Z[0m [32m INFO[0m [1;32mclipcat_client[0m[32m: [32mConnect to server via endpoint `/run/user/1000/clipcat/grpc.sock`[0m
    [2;3mat[0m crates/client/src/lib.rs:32 [2;3mon[0m main ThreadId(1)

  [2m2024-03-16T16:59:56.949043Z[0m [32m INFO[0m [1;32mclipcat_menu::cli[0m[32m: [32mNothing is selected[0m
    [2;3mat[0m clipcat-menu/src/cli/mod.rs:228 [2;3mon[0m main ThreadId(1)

  [2m2024-03-16T17:14:26.724384Z[0m [32m INFO[0m [1;32mclipcat_client[0m[32m: [32mConnect to server via endpoint `/run/user/1000/clipcat/grpc.sock`[0m
    [2;3mat[0m crates/client/src/lib.rs:32 [2;3mon[0m main ThreadId(1)

  [2m2024-03-16T17:14:31.099743Z[0m [32m INFO[0m [1;32mclipcat_menu::cli[0m[32m: [32mNothing is selected[0m
    [2;3mat[0m clipcat-menu/src/cli/mod.rs:228 [2;3mon[0m main ThreadId(1)

  [2m2024-03-16T17:15:00.287259Z[0m [32m INFO[0m [1;32mclipcat_client[0m[32m: [32mConnect to server via endpoint `/run/user/1000/clipcat/grpc.sock`[0m
    [2;3mat[0m crates/client/src/lib.rs:32 [2;3mon[0m main ThreadId(1)

  [2m2024-03-16T17:15:03.077762Z[0m [32m INFO[0m [1;32mclipcat_client[0m[32m: [32mConnect to server via endpoint `/run/user/1000/clipcat/grpc.sock`[0m
    [2;3mat[0m crates/client/src/lib.rs:32 [2;3mon[0m main ThreadId(1)

  [2m2024-03-16T17:15:03.893133Z[0m [32m INFO[0m [1;32mclipcat_menu::cli[0m[32m: [32mNothing is selected[0m
    [2;3mat[0m clipcat-menu/src/cli/mod.rs:228 [2;3mon[0m main ThreadId(1)

  [2m2024-03-16T17:15:12.223034Z[0m [32m INFO[0m [1;32mclipcat_client[0m[32m: [32mConnect to server via endpoint `/run/user/1000/clipcat/grpc.sock`[0m
    [2;3mat[0m crates/client/src/lib.rs:32 [2;3mon[0m main ThreadId(1)

  [2m2024-03-16T17:15:13.476410Z[0m [32m INFO[0m [1;32mclipcat_menu::cli[0m[32m: [32mNothing is selected[0m
    [2;3mat[0m clipcat-menu/src/cli/mod.rs:228 [2;3mon[0m main ThreadId(1)

  [2m2024-03-16T17:15:17.374097Z[0m [32m INFO[0m [1;32mclipcat_client[0m[32m: [32mConnect to server via endpoint `/run/user/1000/clipcat/grpc.sock`[0m
    [2;3mat[0m crates/client/src/lib.rs:32 [2;3mon[0m main ThreadId(1)

  [2m2024-03-16T17:15:18.181312Z[0m [32m INFO[0m [1;32mclipcat_menu::cli[0m[32m: [32mNothing is selected[0m
    [2;3mat[0m clipcat-menu/src/cli/mod.rs:228 [2;3mon[0m main ThreadId(1)

  [2m2024-03-16T17:15:22.958408Z[0m [32m INFO[0m [1;32mclipcat_client[0m[32m: [32mConnect to server via endpoint `/run/user/1000/clipcat/grpc.sock`[0m
    [2;3mat[0m crates/client/src/lib.rs:32 [2;3mon[0m main ThreadId(1)

  [2m2024-03-16T17:15:23.829001Z[0m [32m INFO[0m [1;32mclipcat_menu::cli[0m[32m: [32mNothing is selected[0m
    [2;3mat[0m clipcat-menu/src/cli/mod.rs:228 [2;3mon[0m main ThreadId(1)

  [2m2024-03-16T17:15:25.383453Z[0m [32m INFO[0m [1;32mclipcat_client[0m[32m: [32mConnect to server via endpoint `/run/user/1000/clipcat/grpc.sock`[0m
    [2;3mat[0m crates/client/src/lib.rs:32 [2;3mon[0m main ThreadId(1)

  [2m2024-03-16T17:15:25.925268Z[0m [32m INFO[0m [1;32mclipcat_menu::cli[0m[32m: [32mNothing is selected[0m
    [2;3mat[0m clipcat-menu/src/cli/mod.rs:228 [2;3mon[0m main ThreadId(1)

  [2m2024-03-16T17:15:30.759099Z[0m [32m INFO[0m [1;32mclipcat_client[0m[32m: [32mConnect to server via endpoint `/run/user/1000/clipcat/grpc.sock`[0m
    [2;3mat[0m crates/client/src/lib.rs:32 [2;3mon[0m main ThreadId(1)

  [2m2024-03-16T17:15:34.981571Z[0m [32m INFO[0m [1;32mclipcat_menu::cli[0m[32m: [32mNothing is selected[0m
    [2;3mat[0m clipcat-menu/src/cli/mod.rs:228 [2;3mon[0m main ThreadId(1)

  [2m2024-03-16T17:15:49.688647Z[0m [32m INFO[0m [1;32mclipcat_client[0m[32m: [32mConnect to server via endpoint `/run/user/1000/clipcat/grpc.sock`[0m
    [2;3mat[0m crates/client/src/lib.rs:32 [2;3mon[0m main ThreadId(1)

  [2m2024-03-16T17:15:53.334178Z[0m [32m INFO[0m [1;32mclipcat_menu::cli[0m[32m: [32mNothing is selected[0m
    [2;3mat[0m clipcat-menu/src/cli/mod.rs:228 [2;3mon[0m main ThreadId(1)

  [2m2024-03-16T17:15:57.128076Z[0m [32m INFO[0m [1;32mclipcat_client[0m[32m: [32mConnect to server via endpoint `/run/user/1000/clipcat/grpc.sock`[0m
    [2;3mat[0m crates/client/src/lib.rs:32 [2;3mon[0m main ThreadId(1)

  [2m2024-03-16T17:16:02.134404Z[0m [32m INFO[0m [1;32mclipcat_menu::cli[0m[32m: [32mNothing is selected[0m
    [2;3mat[0m clipcat-menu/src/cli/mod.rs:228 [2;3mon[0m main ThreadId(1)

